<?xml version="1.0" encoding="UTF-8"?>
<!-- Generated by org.testng.reporters.JUnitReportReporter -->
<testsuite skipped="0" hostname="DESKTOP-SU4D5DJ" name="com.VirtualFacility.qa.testcases.LandingPageTest" tests="1" failures="0" timestamp="16 Jul 2019 17:13:04 GMT" time="11.594" errors="0">
  <testcase name="ClickEth_BtcLinkTest" time="11.594" classname="com.VirtualFacility.qa.testcases.LandingPageTest"/>
</testsuite> <!-- com.VirtualFacility.qa.testcases.LandingPageTest -->
