<?xml version="1.0" encoding="UTF-8"?>
<!-- Generated by org.testng.reporters.JUnitReportReporter -->
<testsuite skipped="0" hostname="DESKTOP-SU4D5DJ" name="com.VirtualFacility.qa.testcases.PairTradingViewPageTest" tests="5" failures="0" timestamp="19 Jul 2019 04:00:02 GMT" time="64.429" errors="0">
  <testcase name="verifyLimitBtnTest" time="11.171" classname="com.VirtualFacility.qa.testcases.PairTradingViewPageTest"/>
  <testcase name="stopLimitBtnTest" time="13.424" classname="com.VirtualFacility.qa.testcases.PairTradingViewPageTest"/>
  <testcase name="inputLimitAmountTest" time="12.652" classname="com.VirtualFacility.qa.testcases.PairTradingViewPageTest"/>
  <testcase name="verifyMarketBtnTest" time="12.837" classname="com.VirtualFacility.qa.testcases.PairTradingViewPageTest"/>
  <testcase name="verifyTradingChartTest" time="14.345" classname="com.VirtualFacility.qa.testcases.PairTradingViewPageTest"/>
</testsuite> <!-- com.VirtualFacility.qa.testcases.PairTradingViewPageTest -->
